<?xml version="1.0" encoding="UTF-8"?>
<!-- Generated by org.testng.reporters.JUnitXMLReporter -->
<testsuite hostname="DESKTOP-IU8DGVT" ignored="0" name="Default test" tests="2" failures="0" timestamp="14 Apr 2020 20:39:04 GMT" time="11.943" errors="0">
  <testcase name="setupTest" time="7.705" classname="com.nikhil.grp.MyArtifactId.WebDriverManagerTry"/>
  <testcase name="openGoogleTest" time="4.181" classname="com.nikhil.grp.MyArtifactId.WebDriverManagerTry"/>
</testsuite> <!-- Default test -->
